TN:
SF:C:/Development/Andela/MoreRecipes/server/app.js
FN:21,(anonymous_1)
FNF:1
FNH:1
FNDA:5,(anonymous_1)
DA:1,1
DA:2,1
DA:3,1
DA:4,1
DA:5,1
DA:8,1
DA:11,1
DA:14,1
DA:15,1
DA:18,1
DA:21,1
DA:23,5
DA:24,5
DA:25,5
DA:27,0
LF:15
LH:14
BRDA:24,0,0,5
BRDA:24,0,1,0
BRF:2
BRH:1
end_of_record
TN:
SF:C:/Development/Andela/MoreRecipes/server/routes.js
FN:9,(anonymous_2)
FN:57,(anonymous_3)
FNF:2
FNH:1
FNDA:1,(anonymous_2)
FNDA:0,(anonymous_3)
DA:1,1
DA:2,1
DA:3,1
DA:4,1
DA:5,1
DA:6,1
DA:7,1
DA:9,1
DA:15,1
DA:22,1
DA:29,1
DA:37,1
DA:44,1
DA:52,1
DA:57,1
LF:15
LH:15
BRF:0
BRH:0
end_of_record
TN:
SF:C:/Development/Andela/MoreRecipes/server/controllers/recipes.js
FN:6,createRecipe
FN:6,updateRecipe
FN:6,deleteRecipe
FN:6,getRecipes
FNF:4
FNH:4
FNDA:1,createRecipe
FNDA:1,updateRecipe
FNDA:1,deleteRecipe
FNDA:2,getRecipes
DA:1,1
DA:2,1
DA:3,1
DA:4,1
DA:6,1
DA:9,1
DA:13,1
DA:17,1
DA:20,2
DA:21,2
DA:25,2
DA:26,1
DA:28,1
LF:13
LH:13
BRDA:25,0,0,1
BRDA:25,0,1,1
BRDA:25,1,0,2
BRDA:25,1,1,1
BRF:4
BRH:4
end_of_record
TN:
SF:C:/Development/Andela/MoreRecipes/server/controllers/reviews.js
FN:3,createReview
FNF:1
FNH:1
FNDA:1,createReview
DA:1,1
DA:3,1
DA:6,1
LF:3
LH:3
BRF:0
BRH:0
end_of_record
TN:
SF:C:/Development/Andela/MoreRecipes/server/models/allRecipes.js
FN:1,(anonymous_0)
FNF:1
FNH:1
FNDA:1,(anonymous_0)
DA:1,1
DA:2,1
DA:109,1
LF:3
LH:3
BRF:0
BRH:0
end_of_record
TN:
SF:C:/Development/Andela/MoreRecipes/server/models/newRecipe.js
FN:1,(anonymous_0)
FNF:1
FNH:1
FNDA:1,(anonymous_0)
DA:1,1
DA:2,1
DA:7,1
LF:3
LH:3
BRF:0
BRH:0
end_of_record
TN:
SF:C:/Development/Andela/MoreRecipes/server/models/newReview.js
FN:1,(anonymous_0)
FNF:1
FNH:1
FNDA:1,(anonymous_0)
DA:1,1
DA:2,1
DA:7,1
LF:3
LH:3
BRF:0
BRH:0
end_of_record
TN:
SF:C:/Development/Andela/MoreRecipes/server/models/sortedRecipes.js
FN:1,(anonymous_0)
FNF:1
FNH:1
FNDA:1,(anonymous_0)
DA:1,1
DA:2,1
DA:113,1
LF:3
LH:3
BRF:0
BRH:0
end_of_record
TN:
SF:C:/Development/Andela/MoreRecipes/server/models/updatedRecipe.js
FN:1,(anonymous_0)
FNF:1
FNH:1
FNDA:1,(anonymous_0)
DA:1,1
DA:2,1
DA:38,1
LF:3
LH:3
BRF:0
BRH:0
end_of_record
TN:
SF:C:/Development/Andela/MoreRecipes/server/validations/deleteRecipe.js
FNF:0
FNH:0
DA:1,1
DA:4,1
LF:2
LH:2
BRF:0
BRH:0
end_of_record
TN:
SF:C:/Development/Andela/MoreRecipes/server/validations/newRecipe.js
FNF:0
FNH:0
DA:1,1
DA:4,1
DA:9,1
DA:14,1
LF:4
LH:4
BRF:0
BRH:0
end_of_record
TN:
SF:C:/Development/Andela/MoreRecipes/server/validations/reviewRecipe.js
FNF:0
FNH:0
DA:1,1
DA:4,1
LF:2
LH:2
BRF:0
BRH:0
end_of_record
TN:
SF:C:/Development/Andela/MoreRecipes/server/validations/updateRecipe.js
FNF:0
FNH:0
DA:1,1
DA:4,1
DA:9,1
DA:14,1
LF:4
LH:4
BRF:0
BRH:0
end_of_record
