TN:
SF:C:/Development/Andela/MoreRecipes/server/app.js
FN:23,(anonymous_1)
FN:32,(anonymous_2)
FNF:2
FNH:2
FNDA:5,(anonymous_1)
FNDA:1,(anonymous_2)
DA:1,1
DA:2,1
DA:3,1
DA:4,1
DA:5,1
DA:6,1
DA:9,1
DA:12,1
DA:13,1
DA:16,1
DA:17,1
DA:20,1
DA:23,1
DA:25,5
DA:26,5
DA:27,5
DA:29,0
DA:32,1
DA:33,1
DA:35,1
LF:20
LH:19
BRDA:26,0,0,5
BRDA:26,0,1,0
BRDA:35,1,0,1
BRDA:35,1,1,1
BRF:4
BRH:3
end_of_record
TN:
SF:C:/Development/Andela/MoreRecipes/server/routes.js
FN:9,(anonymous_2)
FN:57,(anonymous_3)
FNF:2
FNH:1
FNDA:1,(anonymous_2)
FNDA:0,(anonymous_3)
DA:1,1
DA:2,1
DA:3,1
DA:4,1
DA:5,1
DA:6,1
DA:7,1
DA:9,1
DA:15,1
DA:22,1
DA:29,1
DA:37,1
DA:44,1
DA:52,1
DA:57,1
LF:15
LH:15
BRF:0
BRH:0
end_of_record
TN:
SF:C:/Development/Andela/MoreRecipes/server/controllers/recipes.js
FN:6,createRecipe
FN:6,updateRecipe
FN:6,deleteRecipe
FN:6,getRecipes
FNF:4
FNH:4
FNDA:1,createRecipe
FNDA:1,updateRecipe
FNDA:1,deleteRecipe
FNDA:2,getRecipes
DA:1,1
DA:2,1
DA:3,1
DA:4,1
DA:6,1
DA:9,1
DA:13,1
DA:17,1
DA:20,2
DA:21,2
DA:25,2
DA:26,1
DA:28,1
LF:13
LH:13
BRDA:25,0,0,1
BRDA:25,0,1,1
BRDA:25,1,0,2
BRDA:25,1,1,1
BRF:4
BRH:4
end_of_record
TN:
SF:C:/Development/Andela/MoreRecipes/server/controllers/reviews.js
FN:3,createReview
FNF:1
FNH:1
FNDA:1,createReview
DA:1,1
DA:3,1
DA:6,1
LF:3
LH:3
BRF:0
BRH:0
end_of_record
TN:
SF:C:/Development/Andela/MoreRecipes/server/models/allRecipes.js
FN:1,(anonymous_0)
FNF:1
FNH:1
FNDA:1,(anonymous_0)
DA:1,1
DA:2,1
DA:109,1
LF:3
LH:3
BRF:0
BRH:0
end_of_record
TN:
SF:C:/Development/Andela/MoreRecipes/server/models/newRecipe.js
FN:1,(anonymous_0)
FNF:1
FNH:1
FNDA:1,(anonymous_0)
DA:1,1
DA:2,1
DA:7,1
LF:3
LH:3
BRF:0
BRH:0
end_of_record
TN:
SF:C:/Development/Andela/MoreRecipes/server/models/newReview.js
FN:1,(anonymous_0)
FNF:1
FNH:1
FNDA:1,(anonymous_0)
DA:1,1
DA:2,1
DA:7,1
LF:3
LH:3
BRF:0
BRH:0
end_of_record
TN:
SF:C:/Development/Andela/MoreRecipes/server/models/sortedRecipes.js
FN:1,(anonymous_0)
FNF:1
FNH:1
FNDA:1,(anonymous_0)
DA:1,1
DA:2,1
DA:113,1
LF:3
LH:3
BRF:0
BRH:0
end_of_record
TN:
SF:C:/Development/Andela/MoreRecipes/server/models/updatedRecipe.js
FN:1,(anonymous_0)
FNF:1
FNH:1
FNDA:1,(anonymous_0)
DA:1,1
DA:2,1
DA:38,1
LF:3
LH:3
BRF:0
BRH:0
end_of_record
TN:
SF:C:/Development/Andela/MoreRecipes/server/test/recipes.js
FN:11,(anonymous_1)
FN:31,(anonymous_2)
FN:35,(anonymous_3)
FN:53,(anonymous_4)
FN:57,(anonymous_5)
FN:77,(anonymous_6)
FN:97,(anonymous_7)
FN:101,(anonymous_8)
FN:115,(anonymous_9)
FN:119,(anonymous_10)
FN:139,(anonymous_11)
FN:141,(anonymous_12)
FN:144,(anonymous_13)
FN:152,(anonymous_14)
FN:155,(anonymous_15)
FN:175,(anonymous_16)
FN:176,(anonymous_17)
FN:179,(anonymous_18)
FN:196,(anonymous_19)
FN:206,(anonymous_20)
FN:210,(anonymous_21)
FN:228,(anonymous_22)
FN:232,(anonymous_23)
FN:249,(anonymous_24)
FN:253,(anonymous_25)
FN:273,(anonymous_26)
FN:274,(anonymous_27)
FN:277,(anonymous_28)
FNF:28
FNH:28
FNDA:1,(anonymous_1)
FNDA:1,(anonymous_2)
FNDA:1,(anonymous_3)
FNDA:1,(anonymous_4)
FNDA:1,(anonymous_5)
FNDA:1,(anonymous_6)
FNDA:1,(anonymous_7)
FNDA:1,(anonymous_8)
FNDA:1,(anonymous_9)
FNDA:1,(anonymous_10)
FNDA:1,(anonymous_11)
FNDA:1,(anonymous_12)
FNDA:1,(anonymous_13)
FNDA:1,(anonymous_14)
FNDA:1,(anonymous_15)
FNDA:1,(anonymous_16)
FNDA:1,(anonymous_17)
FNDA:1,(anonymous_18)
FNDA:1,(anonymous_19)
FNDA:1,(anonymous_20)
FNDA:1,(anonymous_21)
FNDA:1,(anonymous_22)
FNDA:1,(anonymous_23)
FNDA:1,(anonymous_24)
FNDA:1,(anonymous_25)
FNDA:1,(anonymous_26)
FNDA:1,(anonymous_27)
FNDA:1,(anonymous_28)
DA:1,1
DA:2,1
DA:3,1
DA:5,1
DA:6,1
DA:11,1
DA:12,1
DA:23,1
DA:31,1
DA:32,1
DA:37,1
DA:40,1
DA:43,1
DA:46,1
DA:48,1
DA:53,1
DA:54,1
DA:59,1
DA:62,1
DA:65,1
DA:68,1
DA:69,1
DA:77,1
DA:78,1
DA:89,1
DA:97,1
DA:98,1
DA:103,1
DA:106,1
DA:109,1
DA:110,1
DA:115,1
DA:116,1
DA:121,1
DA:124,1
DA:127,1
DA:130,1
DA:131,1
DA:139,1
DA:141,1
DA:142,1
DA:146,1
DA:147,1
DA:152,1
DA:153,1
DA:157,1
DA:160,1
DA:163,1
DA:166,1
DA:167,1
DA:175,1
DA:176,1
DA:177,1
DA:181,1
DA:184,1
DA:187,1
DA:188,1
DA:196,1
DA:197,1
DA:201,1
DA:206,1
DA:207,1
DA:212,1
DA:215,1
DA:218,1
DA:221,1
DA:223,1
DA:228,1
DA:229,1
DA:234,1
DA:237,1
DA:240,1
DA:243,1
DA:244,1
DA:249,1
DA:250,1
DA:255,1
DA:258,1
DA:261,1
DA:264,1
DA:265,1
DA:273,1
DA:274,1
DA:275,1
DA:279,1
DA:282,1
DA:285,1
DA:288,1
DA:291,1
DA:294,1
DA:295,1
LF:91
LH:91
BRF:0
BRH:0
end_of_record
TN:
SF:C:/Development/Andela/MoreRecipes/server/validations/deleteRecipe.js
FNF:0
FNH:0
DA:1,1
DA:4,1
LF:2
LH:2
BRF:0
BRH:0
end_of_record
TN:
SF:C:/Development/Andela/MoreRecipes/server/validations/newRecipe.js
FNF:0
FNH:0
DA:1,1
DA:4,1
DA:9,1
DA:14,1
LF:4
LH:4
BRF:0
BRH:0
end_of_record
TN:
SF:C:/Development/Andela/MoreRecipes/server/validations/reviewRecipe.js
FNF:0
FNH:0
DA:1,1
DA:4,1
LF:2
LH:2
BRF:0
BRH:0
end_of_record
TN:
SF:C:/Development/Andela/MoreRecipes/server/validations/updateRecipe.js
FNF:0
FNH:0
DA:1,1
DA:4,1
DA:9,1
DA:14,1
LF:4
LH:4
BRF:0
BRH:0
end_of_record
